  GameOfLife_edited.cpp
D:\Leecode\CPP\GameOfLife_edited\GameOfLife_edited.cpp(27,21): warning C4018: “<”: 有符号/无符号不匹配
D:\Leecode\CPP\GameOfLife_edited\GameOfLife_edited.cpp(28,22): warning C4018: “<”: 有符号/无符号不匹配
D:\Leecode\CPP\GameOfLife_edited\GameOfLife_edited.cpp(36,12): warning C4018: “<”: 有符号/无符号不匹配
D:\Leecode\CPP\GameOfLife_edited\GameOfLife_edited.cpp(36,34): warning C4018: “<”: 有符号/无符号不匹配
C:\Program Files (x86)\Microsoft Visual Studio\2019\Community\VC\Tools\MSVC\14.27.29110\include\xstddef(91,22): error C2676: 二进制“==”:“const _Ty”不定义该运算符或到预定义运算符可接收的类型的转换
          with
          [
              _Ty=Cell
          ]
C:\Program Files (x86)\Microsoft Visual Studio\2019\Community\VC\Tools\MSVC\14.27.29110\include\xstddef(90): message : 在编译 类 模板 成员函数“bool std::equal_to<Cell>::operator ()(const _Ty &,const _Ty &) const”时
          with
          [
              _Ty=Cell
          ]
C:\Program Files (x86)\Microsoft Visual Studio\2019\Community\VC\Tools\MSVC\14.27.29110\include\xhash(164): message : 查看对正在编译的函数 模板 实例化“bool std::equal_to<Cell>::operator ()(const _Ty &,const _Ty &) const”的引用
          with
          [
              _Ty=Cell
          ]
C:\Program Files (x86)\Microsoft Visual Studio\2019\Community\VC\Tools\MSVC\14.27.29110\include\xmemory(1326): message : 查看对正在编译的 类 模板 实例化“std::equal_to<Cell>”的引用
C:\Program Files (x86)\Microsoft Visual Studio\2019\Community\VC\Tools\MSVC\14.27.29110\include\xmemory(1326): message : 查看指向正在编译的变量模板“const bool is_empty_v<std::equal_to<Cell> >”的引用
C:\Program Files (x86)\Microsoft Visual Studio\2019\Community\VC\Tools\MSVC\14.27.29110\include\unordered_set(30): message : 查看对正在编译的 类 模板 实例化“std::_Uhash_compare<_Kty,_Hasher,_Keyeq>”的引用
          with
          [
              _Kty=Cell,
              _Hasher=myHash,
              _Keyeq=std::equal_to<Cell>
          ]
C:\Program Files (x86)\Microsoft Visual Studio\2019\Community\VC\Tools\MSVC\14.27.29110\include\xhash(342): message : 查看对正在编译的 类 模板 实例化“std::_Uset_traits<_Kty,std::_Uhash_compare<_Kty,_Hasher,_Keyeq>,_Alloc,false>”的引用
          with
          [
              _Kty=Cell,
              _Hasher=myHash,
              _Keyeq=std::equal_to<Cell>,
              _Alloc=std::allocator<Cell>
          ]
C:\Program Files (x86)\Microsoft Visual Studio\2019\Community\VC\Tools\MSVC\14.27.29110\include\unordered_set(65): message : 查看对正在编译的 类 模板 实例化“std::_Hash<std::_Uset_traits<_Kty,std::_Uhash_compare<_Kty,_Hasher,_Keyeq>,_Alloc,false>>”的引用
          with
          [
              _Kty=Cell,
              _Hasher=myHash,
              _Keyeq=std::equal_to<Cell>,
              _Alloc=std::allocator<Cell>
          ]
D:\Leecode\CPP\GameOfLife_edited\GameOfLife_edited.cpp(26): message : 查看对正在编译的 类 模板 实例化“std::unordered_set<Cell,myHash,std::equal_to<Cell>,std::allocator<Cell>>”的引用
